c:\users\ghdms\onedrive\바탕 화면\2015-2\windows프로그래밍\이호은유영빈\source_code\ds_simulator\ds_simulator\x64\release\ds_simulator.pch
c:\users\ghdms\onedrive\바탕 화면\2015-2\windows프로그래밍\이호은유영빈\source_code\ds_simulator\ds_simulator\x64\release\vc141.pdb
c:\users\ghdms\onedrive\바탕 화면\2015-2\windows프로그래밍\이호은유영빈\source_code\ds_simulator\ds_simulator\x64\release\stdafx.obj
c:\users\ghdms\onedrive\바탕 화면\2015-2\windows프로그래밍\이호은유영빈\source_code\ds_simulator\ds_simulator\x64\release\tree.obj
c:\users\ghdms\onedrive\바탕 화면\2015-2\windows프로그래밍\이호은유영빈\source_code\ds_simulator\ds_simulator\x64\release\stack.obj
c:\users\ghdms\onedrive\바탕 화면\2015-2\windows프로그래밍\이호은유영빈\source_code\ds_simulator\ds_simulator\x64\release\queue.obj
c:\users\ghdms\onedrive\바탕 화면\2015-2\windows프로그래밍\이호은유영빈\source_code\ds_simulator\ds_simulator\x64\release\list.obj
c:\users\ghdms\onedrive\바탕 화면\2015-2\windows프로그래밍\이호은유영빈\source_code\ds_simulator\ds_simulator\x64\release\graph.obj
c:\users\ghdms\onedrive\바탕 화면\2015-2\windows프로그래밍\이호은유영빈\source_code\ds_simulator\ds_simulator\x64\release\ds_simulatordlg.obj
c:\users\ghdms\onedrive\바탕 화면\2015-2\windows프로그래밍\이호은유영빈\source_code\ds_simulator\ds_simulator\x64\release\ds_simulator.obj
c:\users\ghdms\onedrive\바탕 화면\2015-2\windows프로그래밍\이호은유영빈\source_code\ds_simulator\ds_simulator\x64\release\ds_view.obj
c:\users\ghdms\onedrive\바탕 화면\2015-2\windows프로그래밍\이호은유영빈\source_code\ds_simulator\ds_simulator\x64\release\ds_input2.obj
c:\users\ghdms\onedrive\바탕 화면\2015-2\windows프로그래밍\이호은유영빈\source_code\ds_simulator\ds_simulator\x64\release\ds_input.obj
c:\users\ghdms\onedrive\바탕 화면\2015-2\windows프로그래밍\이호은유영빈\source_code\ds_simulator\x64\release\ds_simulator.ipdb
c:\users\ghdms\onedrive\바탕 화면\2015-2\windows프로그래밍\이호은유영빈\source_code\ds_simulator\x64\release\ds_simulator.iobj
c:\users\ghdms\onedrive\바탕 화면\2015-2\windows프로그래밍\이호은유영빈\source_code\ds_simulator\x64\release\ds_simulator.exe
c:\users\ghdms\onedrive\바탕 화면\2015-2\windows프로그래밍\이호은유영빈\source_code\ds_simulator\x64\release\ds_simulator.pdb
c:\users\ghdms\onedrive\바탕 화면\2015-2\windows프로그래밍\이호은유영빈\source_code\ds_simulator\ds_simulator\x64\release\ds_simulator.res
c:\users\ghdms\onedrive\바탕 화면\2015-2\windows프로그래밍\이호은유영빈\source_code\ds_simulator\ds_simulator\x64\release\vc140.pdb
c:\users\ghdms\onedrive\바탕 화면\2015-2\windows프로그래밍\이호은유영빈\source_code\ds_simulator\ds_simulator\x64\release\ds_simulator.tlog\cl.command.1.tlog
c:\users\ghdms\onedrive\바탕 화면\2015-2\windows프로그래밍\이호은유영빈\source_code\ds_simulator\ds_simulator\x64\release\ds_simulator.tlog\cl.read.1.tlog
c:\users\ghdms\onedrive\바탕 화면\2015-2\windows프로그래밍\이호은유영빈\source_code\ds_simulator\ds_simulator\x64\release\ds_simulator.tlog\cl.write.1.tlog
c:\users\ghdms\onedrive\바탕 화면\2015-2\windows프로그래밍\이호은유영빈\source_code\ds_simulator\ds_simulator\x64\release\ds_simulator.tlog\ds_simulator.write.1u.tlog
c:\users\ghdms\onedrive\바탕 화면\2015-2\windows프로그래밍\이호은유영빈\source_code\ds_simulator\ds_simulator\x64\release\ds_simulator.tlog\link.command.1.tlog
c:\users\ghdms\onedrive\바탕 화면\2015-2\windows프로그래밍\이호은유영빈\source_code\ds_simulator\ds_simulator\x64\release\ds_simulator.tlog\link.read.1.tlog
c:\users\ghdms\onedrive\바탕 화면\2015-2\windows프로그래밍\이호은유영빈\source_code\ds_simulator\ds_simulator\x64\release\ds_simulator.tlog\link.write.1.tlog
c:\users\ghdms\onedrive\바탕 화면\2015-2\windows프로그래밍\이호은유영빈\source_code\ds_simulator\ds_simulator\x64\release\ds_simulator.tlog\rc.command.1.tlog
c:\users\ghdms\onedrive\바탕 화면\2015-2\windows프로그래밍\이호은유영빈\source_code\ds_simulator\ds_simulator\x64\release\ds_simulator.tlog\rc.read.1.tlog
c:\users\ghdms\onedrive\바탕 화면\2015-2\windows프로그래밍\이호은유영빈\source_code\ds_simulator\ds_simulator\x64\release\ds_simulator.tlog\rc.write.1.tlog
